<?xml version="1.0" encoding="UTF-8"?>
<!-- Generated by org.testng.reporters.JUnitXMLReporter -->
<testsuite ignored="0" hostname="GaneshBabu" failures="1" tests="3" name="Test" time="26.899" errors="0" timestamp="2021-07-22T18:23:19 IST">
  <testcase classname="AllureReport.alluretestCases" name="logoVerification" time="0.415"/>
  <testcase classname="AllureReport.alluretestCases" name="Logindetails" time="6.764">
    <failure type="java.lang.AssertionError" message="expected [Facebookganesh] but found [Facebook]">
      <![CDATA[java.lang.AssertionError: expected [Facebookganesh] but found [Facebook]
at AllureReport.alluretestCases.Logindetails(alluretestCases.java:56)
at java.base/java.util.ArrayList.forEach(ArrayList.java:1541)
... Removed 37 stack frames]]>
    </failure>
  </testcase> <!-- Logindetails -->
  <testcase classname="AllureReport.alluretestCases" name="logout" time="0.015">
    <skipped/>
  </testcase> <!-- logout -->
</testsuite> <!-- Test -->
